23-04-24 02:40:05.195 [main] INFO  c.d.joke.JokeserviceApplication - Starting JokeserviceApplication using Java 17.0.10 with PID 1288 (D:\target_2024\jokeapp\jokeservice\build\classes\java\main started by IHBM in D:\target_2024\jokeapp\jokeservice)
23-04-24 02:40:05.197 [main] INFO  c.d.joke.JokeserviceApplication - No active profile set, falling back to 1 default profile: "default"
23-04-24 02:40:07.576 [main] INFO  o.s.b.w.e.tomcat.TomcatWebServer - Tomcat initialized with port 8080 (http)
23-04-24 02:40:07.633 [main] INFO  o.a.coyote.http11.Http11NioProtocol - Initializing ProtocolHandler ["http-nio-8080"]
23-04-24 02:40:07.639 [main] INFO  o.a.catalina.core.StandardService - Starting service [Tomcat]
23-04-24 02:40:07.641 [main] INFO  o.a.catalina.core.StandardEngine - Starting Servlet engine: [Apache Tomcat/10.1.20]
23-04-24 02:40:07.858 [main] INFO  o.a.c.c.C.[Tomcat].[localhost].[/] - Initializing Spring embedded WebApplicationContext
23-04-24 02:40:07.863 [main] INFO  o.s.b.w.s.c.ServletWebServerApplicationContext - Root WebApplicationContext: initialization completed in 2616 ms
23-04-24 02:40:08.461 [main] DEBUG o.s.w.s.m.m.a.RequestMappingHandlerMapping - 3 mappings in 'requestMappingHandlerMapping'
23-04-24 02:40:08.461 [main] DEBUG o.s.w.s.m.m.a.RequestMappingHandlerMapping - 3 mappings in 'requestMappingHandlerMapping'
23-04-24 02:40:08.635 [main] DEBUG o.s.w.s.h.SimpleUrlHandlerMapping - Patterns [/webjars/**, /**] in 'resourceHandlerMapping'
23-04-24 02:40:08.635 [main] DEBUG o.s.w.s.h.SimpleUrlHandlerMapping - Patterns [/webjars/**, /**] in 'resourceHandlerMapping'
23-04-24 02:40:08.711 [main] DEBUG o.s.w.s.m.m.a.RequestMappingHandlerAdapter - ControllerAdvice beans: 0 @ModelAttribute, 0 @InitBinder, 1 RequestBodyAdvice, 1 ResponseBodyAdvice
23-04-24 02:40:08.711 [main] DEBUG o.s.w.s.m.m.a.RequestMappingHandlerAdapter - ControllerAdvice beans: 0 @ModelAttribute, 0 @InitBinder, 1 RequestBodyAdvice, 1 ResponseBodyAdvice
23-04-24 02:40:08.808 [main] DEBUG o.s.w.s.m.m.a.ExceptionHandlerExceptionResolver - ControllerAdvice beans: 0 @ExceptionHandler, 1 ResponseBodyAdvice
23-04-24 02:40:08.808 [main] DEBUG o.s.w.s.m.m.a.ExceptionHandlerExceptionResolver - ControllerAdvice beans: 0 @ExceptionHandler, 1 ResponseBodyAdvice
23-04-24 02:40:08.886 [main] INFO  o.a.coyote.http11.Http11NioProtocol - Starting ProtocolHandler ["http-nio-8080"]
23-04-24 02:40:08.903 [main] INFO  o.s.b.w.e.tomcat.TomcatWebServer - Tomcat started on port 8080 (http) with context path ''
23-04-24 02:40:08.912 [main] INFO  c.d.joke.JokeserviceApplication - Started JokeserviceApplication in 4.395 seconds (process running for 5.057)
23-04-24 02:40:15.414 [http-nio-8080-exec-1] INFO  o.a.c.c.C.[Tomcat].[localhost].[/] - Initializing Spring DispatcherServlet 'dispatcherServlet'
23-04-24 02:40:15.414 [http-nio-8080-exec-1] INFO  o.s.web.servlet.DispatcherServlet - Initializing Servlet 'dispatcherServlet'
23-04-24 02:40:15.414 [http-nio-8080-exec-1] INFO  o.s.web.servlet.DispatcherServlet - Initializing Servlet 'dispatcherServlet'
23-04-24 02:40:15.415 [http-nio-8080-exec-1] DEBUG o.s.web.servlet.DispatcherServlet - Detected StandardServletMultipartResolver
23-04-24 02:40:15.415 [http-nio-8080-exec-1] DEBUG o.s.web.servlet.DispatcherServlet - Detected StandardServletMultipartResolver
23-04-24 02:40:15.415 [http-nio-8080-exec-1] DEBUG o.s.web.servlet.DispatcherServlet - Detected AcceptHeaderLocaleResolver
23-04-24 02:40:15.415 [http-nio-8080-exec-1] DEBUG o.s.web.servlet.DispatcherServlet - Detected AcceptHeaderLocaleResolver
23-04-24 02:40:15.415 [http-nio-8080-exec-1] DEBUG o.s.web.servlet.DispatcherServlet - Detected FixedThemeResolver
23-04-24 02:40:15.415 [http-nio-8080-exec-1] DEBUG o.s.web.servlet.DispatcherServlet - Detected FixedThemeResolver
23-04-24 02:40:15.417 [http-nio-8080-exec-1] DEBUG o.s.web.servlet.DispatcherServlet - Detected org.springframework.web.servlet.view.DefaultRequestToViewNameTranslator@75c3eae6
23-04-24 02:40:15.417 [http-nio-8080-exec-1] DEBUG o.s.web.servlet.DispatcherServlet - Detected org.springframework.web.servlet.view.DefaultRequestToViewNameTranslator@75c3eae6
23-04-24 02:40:15.417 [http-nio-8080-exec-1] DEBUG o.s.web.servlet.DispatcherServlet - Detected org.springframework.web.servlet.support.SessionFlashMapManager@6577db90
23-04-24 02:40:15.417 [http-nio-8080-exec-1] DEBUG o.s.web.servlet.DispatcherServlet - Detected org.springframework.web.servlet.support.SessionFlashMapManager@6577db90
23-04-24 02:40:15.418 [http-nio-8080-exec-1] DEBUG o.s.web.servlet.DispatcherServlet - enableLoggingRequestDetails='false': request parameters and headers will be masked to prevent unsafe logging of potentially sensitive data
23-04-24 02:40:15.418 [http-nio-8080-exec-1] DEBUG o.s.web.servlet.DispatcherServlet - enableLoggingRequestDetails='false': request parameters and headers will be masked to prevent unsafe logging of potentially sensitive data
23-04-24 02:40:15.418 [http-nio-8080-exec-1] INFO  o.s.web.servlet.DispatcherServlet - Completed initialization in 3 ms
23-04-24 02:40:15.418 [http-nio-8080-exec-1] INFO  o.s.web.servlet.DispatcherServlet - Completed initialization in 3 ms
23-04-24 02:40:15.431 [http-nio-8080-exec-1] DEBUG o.s.web.servlet.DispatcherServlet - GET "/comedy", parameters={}
23-04-24 02:40:15.431 [http-nio-8080-exec-1] DEBUG o.s.web.servlet.DispatcherServlet - GET "/comedy", parameters={}
23-04-24 02:40:15.449 [http-nio-8080-exec-1] DEBUG o.s.w.s.m.m.a.RequestMappingHandlerMapping - Mapped to com.dillsedeveloper.joke.controller.ComedyController#comedy(Model)
23-04-24 02:40:15.449 [http-nio-8080-exec-1] DEBUG o.s.w.s.m.m.a.RequestMappingHandlerMapping - Mapped to com.dillsedeveloper.joke.controller.ComedyController#comedy(Model)
23-04-24 02:40:15.470 [http-nio-8080-exec-1] INFO  com.dillsedeveloper.joke.server - Server Log: Generated random joke
23-04-24 02:40:15.484 [http-nio-8080-exec-1] DEBUG o.s.w.s.v.ContentNegotiatingViewResolver - Selected 'text/html' given [text/html, application/xhtml+xml, image/avif, image/webp, image/apng, application/xml;q=0.9, */*;q=0.8, application/signed-exchange;v=b3;q=0.7]
23-04-24 02:40:15.484 [http-nio-8080-exec-1] DEBUG o.s.w.s.v.ContentNegotiatingViewResolver - Selected 'text/html' given [text/html, application/xhtml+xml, image/avif, image/webp, image/apng, application/xml;q=0.9, */*;q=0.8, application/signed-exchange;v=b3;q=0.7]
23-04-24 02:40:15.826 [http-nio-8080-exec-2] DEBUG o.s.web.servlet.DispatcherServlet - GET "/comedy", parameters={}
23-04-24 02:40:15.826 [http-nio-8080-exec-2] DEBUG o.s.web.servlet.DispatcherServlet - GET "/comedy", parameters={}
23-04-24 02:40:15.827 [http-nio-8080-exec-2] DEBUG o.s.w.s.m.m.a.RequestMappingHandlerMapping - Mapped to com.dillsedeveloper.joke.controller.ComedyController#comedy(Model)
23-04-24 02:40:15.827 [http-nio-8080-exec-2] DEBUG o.s.w.s.m.m.a.RequestMappingHandlerMapping - Mapped to com.dillsedeveloper.joke.controller.ComedyController#comedy(Model)
23-04-24 02:40:15.827 [http-nio-8080-exec-2] INFO  com.dillsedeveloper.joke.server - Server Log: Generated random joke
23-04-24 02:40:15.829 [http-nio-8080-exec-2] DEBUG o.s.w.s.v.ContentNegotiatingViewResolver - Selected 'text/html' given [text/html, application/xhtml+xml, image/avif, image/webp, image/apng, application/xml;q=0.9, */*;q=0.8, application/signed-exchange;v=b3;q=0.7]
23-04-24 02:40:15.829 [http-nio-8080-exec-2] DEBUG o.s.w.s.v.ContentNegotiatingViewResolver - Selected 'text/html' given [text/html, application/xhtml+xml, image/avif, image/webp, image/apng, application/xml;q=0.9, */*;q=0.8, application/signed-exchange;v=b3;q=0.7]
23-04-24 02:40:15.874 [http-nio-8080-exec-1] DEBUG o.s.web.servlet.DispatcherServlet - Completed 200 OK
23-04-24 02:40:15.874 [http-nio-8080-exec-2] DEBUG o.s.web.servlet.DispatcherServlet - Completed 200 OK
23-04-24 02:40:15.874 [http-nio-8080-exec-1] DEBUG o.s.web.servlet.DispatcherServlet - Completed 200 OK
23-04-24 02:40:15.874 [http-nio-8080-exec-2] DEBUG o.s.web.servlet.DispatcherServlet - Completed 200 OK
23-04-24 02:40:16.375 [http-nio-8080-exec-6] DEBUG o.s.web.servlet.DispatcherServlet - GET "/comedy", parameters={}
23-04-24 02:40:16.375 [http-nio-8080-exec-6] DEBUG o.s.web.servlet.DispatcherServlet - GET "/comedy", parameters={}
23-04-24 02:40:16.375 [http-nio-8080-exec-6] DEBUG o.s.w.s.m.m.a.RequestMappingHandlerMapping - Mapped to com.dillsedeveloper.joke.controller.ComedyController#comedy(Model)
23-04-24 02:40:16.375 [http-nio-8080-exec-6] DEBUG o.s.w.s.m.m.a.RequestMappingHandlerMapping - Mapped to com.dillsedeveloper.joke.controller.ComedyController#comedy(Model)
23-04-24 02:40:16.376 [http-nio-8080-exec-6] INFO  com.dillsedeveloper.joke.server - Server Log: Generated random joke
23-04-24 02:40:16.377 [http-nio-8080-exec-6] DEBUG o.s.w.s.v.ContentNegotiatingViewResolver - Selected 'text/html' given [text/html, application/xhtml+xml, image/avif, image/webp, image/apng, application/xml;q=0.9, */*;q=0.8, application/signed-exchange;v=b3;q=0.7]
23-04-24 02:40:16.377 [http-nio-8080-exec-6] DEBUG o.s.w.s.v.ContentNegotiatingViewResolver - Selected 'text/html' given [text/html, application/xhtml+xml, image/avif, image/webp, image/apng, application/xml;q=0.9, */*;q=0.8, application/signed-exchange;v=b3;q=0.7]
23-04-24 02:40:16.381 [http-nio-8080-exec-6] DEBUG o.s.web.servlet.DispatcherServlet - Completed 200 OK
23-04-24 02:40:16.381 [http-nio-8080-exec-6] DEBUG o.s.web.servlet.DispatcherServlet - Completed 200 OK
23-04-24 02:40:16.766 [http-nio-8080-exec-4] DEBUG o.s.web.servlet.DispatcherServlet - GET "/comedy", parameters={}
23-04-24 02:40:16.766 [http-nio-8080-exec-4] DEBUG o.s.web.servlet.DispatcherServlet - GET "/comedy", parameters={}
23-04-24 02:40:16.767 [http-nio-8080-exec-4] DEBUG o.s.w.s.m.m.a.RequestMappingHandlerMapping - Mapped to com.dillsedeveloper.joke.controller.ComedyController#comedy(Model)
23-04-24 02:40:16.767 [http-nio-8080-exec-4] DEBUG o.s.w.s.m.m.a.RequestMappingHandlerMapping - Mapped to com.dillsedeveloper.joke.controller.ComedyController#comedy(Model)
23-04-24 02:40:16.767 [http-nio-8080-exec-4] INFO  com.dillsedeveloper.joke.server - Server Log: Generated random joke
23-04-24 02:40:16.769 [http-nio-8080-exec-4] DEBUG o.s.w.s.v.ContentNegotiatingViewResolver - Selected 'text/html' given [text/html, application/xhtml+xml, image/avif, image/webp, image/apng, application/xml;q=0.9, */*;q=0.8, application/signed-exchange;v=b3;q=0.7]
23-04-24 02:40:16.769 [http-nio-8080-exec-4] DEBUG o.s.w.s.v.ContentNegotiatingViewResolver - Selected 'text/html' given [text/html, application/xhtml+xml, image/avif, image/webp, image/apng, application/xml;q=0.9, */*;q=0.8, application/signed-exchange;v=b3;q=0.7]
23-04-24 02:40:16.771 [http-nio-8080-exec-4] DEBUG o.s.web.servlet.DispatcherServlet - Completed 200 OK
23-04-24 02:40:16.771 [http-nio-8080-exec-4] DEBUG o.s.web.servlet.DispatcherServlet - Completed 200 OK
23-04-24 02:40:17.236 [http-nio-8080-exec-8] DEBUG o.s.web.servlet.DispatcherServlet - GET "/comedy", parameters={}
23-04-24 02:40:17.236 [http-nio-8080-exec-8] DEBUG o.s.web.servlet.DispatcherServlet - GET "/comedy", parameters={}
23-04-24 02:40:17.236 [http-nio-8080-exec-8] DEBUG o.s.w.s.m.m.a.RequestMappingHandlerMapping - Mapped to com.dillsedeveloper.joke.controller.ComedyController#comedy(Model)
23-04-24 02:40:17.236 [http-nio-8080-exec-8] DEBUG o.s.w.s.m.m.a.RequestMappingHandlerMapping - Mapped to com.dillsedeveloper.joke.controller.ComedyController#comedy(Model)
23-04-24 02:40:17.237 [http-nio-8080-exec-8] INFO  com.dillsedeveloper.joke.server - Server Log: Generated random joke
23-04-24 02:40:17.238 [http-nio-8080-exec-8] DEBUG o.s.w.s.v.ContentNegotiatingViewResolver - Selected 'text/html' given [text/html, application/xhtml+xml, image/avif, image/webp, image/apng, application/xml;q=0.9, */*;q=0.8, application/signed-exchange;v=b3;q=0.7]
23-04-24 02:40:17.238 [http-nio-8080-exec-8] DEBUG o.s.w.s.v.ContentNegotiatingViewResolver - Selected 'text/html' given [text/html, application/xhtml+xml, image/avif, image/webp, image/apng, application/xml;q=0.9, */*;q=0.8, application/signed-exchange;v=b3;q=0.7]
23-04-24 02:40:17.239 [http-nio-8080-exec-8] DEBUG o.s.web.servlet.DispatcherServlet - Completed 200 OK
23-04-24 02:40:17.239 [http-nio-8080-exec-8] DEBUG o.s.web.servlet.DispatcherServlet - Completed 200 OK
23-04-24 02:40:17.654 [http-nio-8080-exec-3] DEBUG o.s.web.servlet.DispatcherServlet - GET "/comedy", parameters={}
23-04-24 02:40:17.654 [http-nio-8080-exec-3] DEBUG o.s.web.servlet.DispatcherServlet - GET "/comedy", parameters={}
23-04-24 02:40:17.654 [http-nio-8080-exec-3] DEBUG o.s.w.s.m.m.a.RequestMappingHandlerMapping - Mapped to com.dillsedeveloper.joke.controller.ComedyController#comedy(Model)
23-04-24 02:40:17.654 [http-nio-8080-exec-3] DEBUG o.s.w.s.m.m.a.RequestMappingHandlerMapping - Mapped to com.dillsedeveloper.joke.controller.ComedyController#comedy(Model)
23-04-24 02:40:17.655 [http-nio-8080-exec-3] INFO  com.dillsedeveloper.joke.server - Server Log: Generated random joke
23-04-24 02:40:17.657 [http-nio-8080-exec-3] DEBUG o.s.w.s.v.ContentNegotiatingViewResolver - Selected 'text/html' given [text/html, application/xhtml+xml, image/avif, image/webp, image/apng, application/xml;q=0.9, */*;q=0.8, application/signed-exchange;v=b3;q=0.7]
23-04-24 02:40:17.657 [http-nio-8080-exec-3] DEBUG o.s.w.s.v.ContentNegotiatingViewResolver - Selected 'text/html' given [text/html, application/xhtml+xml, image/avif, image/webp, image/apng, application/xml;q=0.9, */*;q=0.8, application/signed-exchange;v=b3;q=0.7]
23-04-24 02:40:17.659 [http-nio-8080-exec-3] DEBUG o.s.web.servlet.DispatcherServlet - Completed 200 OK
23-04-24 02:40:17.659 [http-nio-8080-exec-3] DEBUG o.s.web.servlet.DispatcherServlet - Completed 200 OK
23-04-24 02:40:18.055 [http-nio-8080-exec-10] DEBUG o.s.web.servlet.DispatcherServlet - GET "/comedy", parameters={}
23-04-24 02:40:18.055 [http-nio-8080-exec-10] DEBUG o.s.web.servlet.DispatcherServlet - GET "/comedy", parameters={}
23-04-24 02:40:18.056 [http-nio-8080-exec-10] DEBUG o.s.w.s.m.m.a.RequestMappingHandlerMapping - Mapped to com.dillsedeveloper.joke.controller.ComedyController#comedy(Model)
23-04-24 02:40:18.056 [http-nio-8080-exec-10] DEBUG o.s.w.s.m.m.a.RequestMappingHandlerMapping - Mapped to com.dillsedeveloper.joke.controller.ComedyController#comedy(Model)
23-04-24 02:40:18.057 [http-nio-8080-exec-10] INFO  com.dillsedeveloper.joke.server - Server Log: Generated random joke
23-04-24 02:40:18.059 [http-nio-8080-exec-10] DEBUG o.s.w.s.v.ContentNegotiatingViewResolver - Selected 'text/html' given [text/html, application/xhtml+xml, image/avif, image/webp, image/apng, application/xml;q=0.9, */*;q=0.8, application/signed-exchange;v=b3;q=0.7]
23-04-24 02:40:18.059 [http-nio-8080-exec-10] DEBUG o.s.w.s.v.ContentNegotiatingViewResolver - Selected 'text/html' given [text/html, application/xhtml+xml, image/avif, image/webp, image/apng, application/xml;q=0.9, */*;q=0.8, application/signed-exchange;v=b3;q=0.7]
23-04-24 02:40:18.061 [http-nio-8080-exec-10] DEBUG o.s.web.servlet.DispatcherServlet - Completed 200 OK
23-04-24 02:40:18.061 [http-nio-8080-exec-10] DEBUG o.s.web.servlet.DispatcherServlet - Completed 200 OK
23-04-24 02:40:18.391 [http-nio-8080-exec-5] DEBUG o.s.web.servlet.DispatcherServlet - GET "/comedy", parameters={}
23-04-24 02:40:18.391 [http-nio-8080-exec-5] DEBUG o.s.web.servlet.DispatcherServlet - GET "/comedy", parameters={}
23-04-24 02:40:18.392 [http-nio-8080-exec-5] DEBUG o.s.w.s.m.m.a.RequestMappingHandlerMapping - Mapped to com.dillsedeveloper.joke.controller.ComedyController#comedy(Model)
23-04-24 02:40:18.392 [http-nio-8080-exec-5] DEBUG o.s.w.s.m.m.a.RequestMappingHandlerMapping - Mapped to com.dillsedeveloper.joke.controller.ComedyController#comedy(Model)
23-04-24 02:40:18.393 [http-nio-8080-exec-5] INFO  com.dillsedeveloper.joke.server - Server Log: Generated random joke
23-04-24 02:40:18.394 [http-nio-8080-exec-5] DEBUG o.s.w.s.v.ContentNegotiatingViewResolver - Selected 'text/html' given [text/html, application/xhtml+xml, image/avif, image/webp, image/apng, application/xml;q=0.9, */*;q=0.8, application/signed-exchange;v=b3;q=0.7]
23-04-24 02:40:18.394 [http-nio-8080-exec-5] DEBUG o.s.w.s.v.ContentNegotiatingViewResolver - Selected 'text/html' given [text/html, application/xhtml+xml, image/avif, image/webp, image/apng, application/xml;q=0.9, */*;q=0.8, application/signed-exchange;v=b3;q=0.7]
23-04-24 02:40:18.397 [http-nio-8080-exec-5] DEBUG o.s.web.servlet.DispatcherServlet - Completed 200 OK
23-04-24 02:40:18.397 [http-nio-8080-exec-5] DEBUG o.s.web.servlet.DispatcherServlet - Completed 200 OK
23-04-24 02:40:18.675 [http-nio-8080-exec-9] DEBUG o.s.web.servlet.DispatcherServlet - GET "/comedy", parameters={}
23-04-24 02:40:18.675 [http-nio-8080-exec-9] DEBUG o.s.web.servlet.DispatcherServlet - GET "/comedy", parameters={}
23-04-24 02:40:18.676 [http-nio-8080-exec-9] DEBUG o.s.w.s.m.m.a.RequestMappingHandlerMapping - Mapped to com.dillsedeveloper.joke.controller.ComedyController#comedy(Model)
23-04-24 02:40:18.676 [http-nio-8080-exec-9] DEBUG o.s.w.s.m.m.a.RequestMappingHandlerMapping - Mapped to com.dillsedeveloper.joke.controller.ComedyController#comedy(Model)
23-04-24 02:40:18.676 [http-nio-8080-exec-9] INFO  com.dillsedeveloper.joke.server - Server Log: Generated random joke
23-04-24 02:40:18.677 [http-nio-8080-exec-9] DEBUG o.s.w.s.v.ContentNegotiatingViewResolver - Selected 'text/html' given [text/html, application/xhtml+xml, image/avif, image/webp, image/apng, application/xml;q=0.9, */*;q=0.8, application/signed-exchange;v=b3;q=0.7]
23-04-24 02:40:18.677 [http-nio-8080-exec-9] DEBUG o.s.w.s.v.ContentNegotiatingViewResolver - Selected 'text/html' given [text/html, application/xhtml+xml, image/avif, image/webp, image/apng, application/xml;q=0.9, */*;q=0.8, application/signed-exchange;v=b3;q=0.7]
23-04-24 02:40:18.678 [http-nio-8080-exec-9] DEBUG o.s.web.servlet.DispatcherServlet - Completed 200 OK
23-04-24 02:40:18.678 [http-nio-8080-exec-9] DEBUG o.s.web.servlet.DispatcherServlet - Completed 200 OK
23-04-24 02:40:19.033 [http-nio-8080-exec-7] DEBUG o.s.web.servlet.DispatcherServlet - GET "/comedy", parameters={}
23-04-24 02:40:19.033 [http-nio-8080-exec-7] DEBUG o.s.web.servlet.DispatcherServlet - GET "/comedy", parameters={}
23-04-24 02:40:19.033 [http-nio-8080-exec-7] DEBUG o.s.w.s.m.m.a.RequestMappingHandlerMapping - Mapped to com.dillsedeveloper.joke.controller.ComedyController#comedy(Model)
23-04-24 02:40:19.033 [http-nio-8080-exec-7] DEBUG o.s.w.s.m.m.a.RequestMappingHandlerMapping - Mapped to com.dillsedeveloper.joke.controller.ComedyController#comedy(Model)
23-04-24 02:40:19.033 [http-nio-8080-exec-7] INFO  com.dillsedeveloper.joke.server - Server Log: Generated random joke
23-04-24 02:40:19.034 [http-nio-8080-exec-7] DEBUG o.s.w.s.v.ContentNegotiatingViewResolver - Selected 'text/html' given [text/html, application/xhtml+xml, image/avif, image/webp, image/apng, application/xml;q=0.9, */*;q=0.8, application/signed-exchange;v=b3;q=0.7]
23-04-24 02:40:19.034 [http-nio-8080-exec-7] DEBUG o.s.w.s.v.ContentNegotiatingViewResolver - Selected 'text/html' given [text/html, application/xhtml+xml, image/avif, image/webp, image/apng, application/xml;q=0.9, */*;q=0.8, application/signed-exchange;v=b3;q=0.7]
23-04-24 02:40:19.035 [http-nio-8080-exec-7] DEBUG o.s.web.servlet.DispatcherServlet - Completed 200 OK
23-04-24 02:40:19.035 [http-nio-8080-exec-7] DEBUG o.s.web.servlet.DispatcherServlet - Completed 200 OK
23-04-24 02:40:19.431 [http-nio-8080-exec-2] DEBUG o.s.web.servlet.DispatcherServlet - GET "/comedy", parameters={}
23-04-24 02:40:19.431 [http-nio-8080-exec-2] DEBUG o.s.web.servlet.DispatcherServlet - GET "/comedy", parameters={}
23-04-24 02:40:19.432 [http-nio-8080-exec-2] DEBUG o.s.w.s.m.m.a.RequestMappingHandlerMapping - Mapped to com.dillsedeveloper.joke.controller.ComedyController#comedy(Model)
23-04-24 02:40:19.432 [http-nio-8080-exec-2] DEBUG o.s.w.s.m.m.a.RequestMappingHandlerMapping - Mapped to com.dillsedeveloper.joke.controller.ComedyController#comedy(Model)
23-04-24 02:40:19.433 [http-nio-8080-exec-2] INFO  com.dillsedeveloper.joke.server - Server Log: Generated random joke
23-04-24 02:40:19.435 [http-nio-8080-exec-2] DEBUG o.s.w.s.v.ContentNegotiatingViewResolver - Selected 'text/html' given [text/html, application/xhtml+xml, image/avif, image/webp, image/apng, application/xml;q=0.9, */*;q=0.8, application/signed-exchange;v=b3;q=0.7]
23-04-24 02:40:19.435 [http-nio-8080-exec-2] DEBUG o.s.w.s.v.ContentNegotiatingViewResolver - Selected 'text/html' given [text/html, application/xhtml+xml, image/avif, image/webp, image/apng, application/xml;q=0.9, */*;q=0.8, application/signed-exchange;v=b3;q=0.7]
23-04-24 02:40:19.437 [http-nio-8080-exec-2] DEBUG o.s.web.servlet.DispatcherServlet - Completed 200 OK
23-04-24 02:40:19.437 [http-nio-8080-exec-2] DEBUG o.s.web.servlet.DispatcherServlet - Completed 200 OK
23-04-24 02:40:19.824 [http-nio-8080-exec-1] DEBUG o.s.web.servlet.DispatcherServlet - GET "/comedy", parameters={}
23-04-24 02:40:19.824 [http-nio-8080-exec-1] DEBUG o.s.web.servlet.DispatcherServlet - GET "/comedy", parameters={}
23-04-24 02:40:19.824 [http-nio-8080-exec-1] DEBUG o.s.w.s.m.m.a.RequestMappingHandlerMapping - Mapped to com.dillsedeveloper.joke.controller.ComedyController#comedy(Model)
23-04-24 02:40:19.824 [http-nio-8080-exec-1] DEBUG o.s.w.s.m.m.a.RequestMappingHandlerMapping - Mapped to com.dillsedeveloper.joke.controller.ComedyController#comedy(Model)
23-04-24 02:40:19.825 [http-nio-8080-exec-1] INFO  com.dillsedeveloper.joke.server - Server Log: Generated random joke
23-04-24 02:40:19.826 [http-nio-8080-exec-1] DEBUG o.s.w.s.v.ContentNegotiatingViewResolver - Selected 'text/html' given [text/html, application/xhtml+xml, image/avif, image/webp, image/apng, application/xml;q=0.9, */*;q=0.8, application/signed-exchange;v=b3;q=0.7]
23-04-24 02:40:19.826 [http-nio-8080-exec-1] DEBUG o.s.w.s.v.ContentNegotiatingViewResolver - Selected 'text/html' given [text/html, application/xhtml+xml, image/avif, image/webp, image/apng, application/xml;q=0.9, */*;q=0.8, application/signed-exchange;v=b3;q=0.7]
23-04-24 02:40:19.828 [http-nio-8080-exec-1] DEBUG o.s.web.servlet.DispatcherServlet - Completed 200 OK
23-04-24 02:40:19.828 [http-nio-8080-exec-1] DEBUG o.s.web.servlet.DispatcherServlet - Completed 200 OK
23-04-24 02:40:20.259 [http-nio-8080-exec-6] DEBUG o.s.web.servlet.DispatcherServlet - GET "/comedy", parameters={}
23-04-24 02:40:20.259 [http-nio-8080-exec-6] DEBUG o.s.web.servlet.DispatcherServlet - GET "/comedy", parameters={}
23-04-24 02:40:20.259 [http-nio-8080-exec-6] DEBUG o.s.w.s.m.m.a.RequestMappingHandlerMapping - Mapped to com.dillsedeveloper.joke.controller.ComedyController#comedy(Model)
23-04-24 02:40:20.259 [http-nio-8080-exec-6] DEBUG o.s.w.s.m.m.a.RequestMappingHandlerMapping - Mapped to com.dillsedeveloper.joke.controller.ComedyController#comedy(Model)
23-04-24 02:40:20.260 [http-nio-8080-exec-6] INFO  com.dillsedeveloper.joke.server - Server Log: Generated random joke
23-04-24 02:40:20.260 [http-nio-8080-exec-6] DEBUG o.s.w.s.v.ContentNegotiatingViewResolver - Selected 'text/html' given [text/html, application/xhtml+xml, image/avif, image/webp, image/apng, application/xml;q=0.9, */*;q=0.8, application/signed-exchange;v=b3;q=0.7]
23-04-24 02:40:20.260 [http-nio-8080-exec-6] DEBUG o.s.w.s.v.ContentNegotiatingViewResolver - Selected 'text/html' given [text/html, application/xhtml+xml, image/avif, image/webp, image/apng, application/xml;q=0.9, */*;q=0.8, application/signed-exchange;v=b3;q=0.7]
23-04-24 02:40:20.261 [http-nio-8080-exec-6] DEBUG o.s.web.servlet.DispatcherServlet - Completed 200 OK
23-04-24 02:40:20.261 [http-nio-8080-exec-6] DEBUG o.s.web.servlet.DispatcherServlet - Completed 200 OK
23-04-24 02:40:20.611 [http-nio-8080-exec-4] DEBUG o.s.web.servlet.DispatcherServlet - GET "/comedy", parameters={}
23-04-24 02:40:20.611 [http-nio-8080-exec-4] DEBUG o.s.web.servlet.DispatcherServlet - GET "/comedy", parameters={}
23-04-24 02:40:20.611 [http-nio-8080-exec-4] DEBUG o.s.w.s.m.m.a.RequestMappingHandlerMapping - Mapped to com.dillsedeveloper.joke.controller.ComedyController#comedy(Model)
23-04-24 02:40:20.611 [http-nio-8080-exec-4] DEBUG o.s.w.s.m.m.a.RequestMappingHandlerMapping - Mapped to com.dillsedeveloper.joke.controller.ComedyController#comedy(Model)
23-04-24 02:40:20.611 [http-nio-8080-exec-4] INFO  com.dillsedeveloper.joke.server - Server Log: Generated random joke
23-04-24 02:40:20.612 [http-nio-8080-exec-4] DEBUG o.s.w.s.v.ContentNegotiatingViewResolver - Selected 'text/html' given [text/html, application/xhtml+xml, image/avif, image/webp, image/apng, application/xml;q=0.9, */*;q=0.8, application/signed-exchange;v=b3;q=0.7]
23-04-24 02:40:20.612 [http-nio-8080-exec-4] DEBUG o.s.w.s.v.ContentNegotiatingViewResolver - Selected 'text/html' given [text/html, application/xhtml+xml, image/avif, image/webp, image/apng, application/xml;q=0.9, */*;q=0.8, application/signed-exchange;v=b3;q=0.7]
23-04-24 02:40:20.614 [http-nio-8080-exec-4] DEBUG o.s.web.servlet.DispatcherServlet - Completed 200 OK
23-04-24 02:40:20.614 [http-nio-8080-exec-4] DEBUG o.s.web.servlet.DispatcherServlet - Completed 200 OK
23-04-24 02:40:21.028 [http-nio-8080-exec-8] DEBUG o.s.web.servlet.DispatcherServlet - GET "/comedy", parameters={}
23-04-24 02:40:21.028 [http-nio-8080-exec-8] DEBUG o.s.web.servlet.DispatcherServlet - GET "/comedy", parameters={}
23-04-24 02:40:21.029 [http-nio-8080-exec-8] DEBUG o.s.w.s.m.m.a.RequestMappingHandlerMapping - Mapped to com.dillsedeveloper.joke.controller.ComedyController#comedy(Model)
23-04-24 02:40:21.029 [http-nio-8080-exec-8] DEBUG o.s.w.s.m.m.a.RequestMappingHandlerMapping - Mapped to com.dillsedeveloper.joke.controller.ComedyController#comedy(Model)
23-04-24 02:40:21.029 [http-nio-8080-exec-8] INFO  com.dillsedeveloper.joke.server - Server Log: Generated random joke
23-04-24 02:40:21.030 [http-nio-8080-exec-8] DEBUG o.s.w.s.v.ContentNegotiatingViewResolver - Selected 'text/html' given [text/html, application/xhtml+xml, image/avif, image/webp, image/apng, application/xml;q=0.9, */*;q=0.8, application/signed-exchange;v=b3;q=0.7]
23-04-24 02:40:21.030 [http-nio-8080-exec-8] DEBUG o.s.w.s.v.ContentNegotiatingViewResolver - Selected 'text/html' given [text/html, application/xhtml+xml, image/avif, image/webp, image/apng, application/xml;q=0.9, */*;q=0.8, application/signed-exchange;v=b3;q=0.7]
23-04-24 02:40:21.032 [http-nio-8080-exec-8] DEBUG o.s.web.servlet.DispatcherServlet - Completed 200 OK
23-04-24 02:40:21.032 [http-nio-8080-exec-8] DEBUG o.s.web.servlet.DispatcherServlet - Completed 200 OK
23-04-24 02:40:21.267 [http-nio-8080-exec-3] DEBUG o.s.web.servlet.DispatcherServlet - GET "/comedy", parameters={}
23-04-24 02:40:21.267 [http-nio-8080-exec-3] DEBUG o.s.web.servlet.DispatcherServlet - GET "/comedy", parameters={}
23-04-24 02:40:21.268 [http-nio-8080-exec-3] DEBUG o.s.w.s.m.m.a.RequestMappingHandlerMapping - Mapped to com.dillsedeveloper.joke.controller.ComedyController#comedy(Model)
23-04-24 02:40:21.268 [http-nio-8080-exec-3] DEBUG o.s.w.s.m.m.a.RequestMappingHandlerMapping - Mapped to com.dillsedeveloper.joke.controller.ComedyController#comedy(Model)
23-04-24 02:40:21.268 [http-nio-8080-exec-3] INFO  com.dillsedeveloper.joke.server - Server Log: Generated random joke
23-04-24 02:40:21.269 [http-nio-8080-exec-3] DEBUG o.s.w.s.v.ContentNegotiatingViewResolver - Selected 'text/html' given [text/html, application/xhtml+xml, image/avif, image/webp, image/apng, application/xml;q=0.9, */*;q=0.8, application/signed-exchange;v=b3;q=0.7]
23-04-24 02:40:21.269 [http-nio-8080-exec-3] DEBUG o.s.w.s.v.ContentNegotiatingViewResolver - Selected 'text/html' given [text/html, application/xhtml+xml, image/avif, image/webp, image/apng, application/xml;q=0.9, */*;q=0.8, application/signed-exchange;v=b3;q=0.7]
23-04-24 02:40:21.272 [http-nio-8080-exec-3] DEBUG o.s.web.servlet.DispatcherServlet - Completed 200 OK
23-04-24 02:40:21.272 [http-nio-8080-exec-3] DEBUG o.s.web.servlet.DispatcherServlet - Completed 200 OK
